<?xml version="1.0" encoding="UTF-8"?>
<!-- Generated by org.testng.reporters.JUnitReportReporter -->
<testsuite hostname="DESKTOP-KBNET8L" failures="0" tests="1" name="streams.Test1" time="0.013" errors="0" timestamp="2022-10-29T17:10:04 IST" skipped="0">
  <testcase classname="streams.Test1" name="streamCollect" time="0.013"/>
  <system-out/>
</testsuite> <!-- streams.Test1 -->
