<?xml version="1.0" encoding="UTF-8"?>
<!-- Generated by org.testng.reporters.JUnitReportReporter -->
<testsuite hostname="DESKTOP-KBNET8L" failures="0" tests="1" name="arrays.Sort" time="0.011" errors="0" timestamp="2022-10-30T13:34:29 IST" skipped="0">
  <testcase classname="arrays.Sort" name="dnso" time="0.011"/>
  <system-out/>
</testsuite> <!-- arrays.Sort -->
